<?xml version="1.0" encoding="UTF-8"?>
<!-- Generated by org.testng.reporters.JUnitReportReporter -->
<testsuite hostname="DEVOPS_12" name="tdd.Test_Runner" tests="1" failures="0" timestamp="23 Aug 2018 19:56:46 GMT" time="0.034" errors="0">
  <testcase name="test" time="0.034" classname="tdd.Test_Runner"/>
</testsuite> <!-- tdd.Test_Runner -->
